Base path: C:/Program Files/Unity/Editor/Data
Cmd: initializeCompiler
Cmd: preprocess
  insize=1213 outsize=991 ok=1
Cmd: preprocess
  insize=9321 outsize=2053 ok=1
Cmd: preprocess
  insize=11374 outsize=707 ok=1
Cmd: preprocess
  insize=785 outsize=677 ok=1
Cmd: preprocess
  insize=1303 outsize=478 ok=1
Cmd: preprocess
  insize=9775 outsize=841 ok=1
Cmd: preprocess
  insize=1775 outsize=403 ok=1
Cmd: preprocess
  insize=1008 outsize=407 ok=1
Cmd: preprocess
  insize=1096 outsize=367 ok=1
Cmd: preprocess
  insize=1225 outsize=1003 ok=1
Cmd: preprocess
  insize=1993 outsize=454 ok=1
Cmd: preprocess
  insize=1381 outsize=464 ok=1
Cmd: preprocess
  insize=3713 outsize=699 ok=1
Cmd: preprocess
  insize=1325 outsize=460 ok=1
Cmd: preprocess
  insize=6890 outsize=721 ok=1
Cmd: preprocess
  insize=1263 outsize=366 ok=1
Cmd: preprocess
  insize=2740 outsize=730 ok=1
Cmd: preprocess
  insize=1058 outsize=356 ok=1
Cmd: preprocess
  insize=1467 outsize=436 ok=1
Cmd: preprocess
  insize=1427 outsize=315 ok=1
Cmd: preprocess
  insize=1799 outsize=780 ok=1
Cmd: preprocess
  insize=1493 outsize=398 ok=1
Cmd: preprocess
  insize=1358 outsize=381 ok=1
Cmd: preprocess
  insize=2396 outsize=696 ok=1
Cmd: preprocess
  insize=1055 outsize=323 ok=1
Cmd: preprocess
  insize=794 outsize=288 ok=1
Cmd: preprocess
  insize=6549 outsize=888 ok=1
Cmd: preprocess
  insize=32722 outsize=323 ok=1
Cmd: preprocess
  insize=1306 outsize=312 ok=1
Cmd: preprocess
  insize=3689 outsize=661 ok=1
Cmd: preprocess
  insize=1089 outsize=300 ok=1
Cmd: preprocess
  insize=5489 outsize=1532 ok=1
Cmd: preprocess
  insize=774 outsize=666 ok=1
Cmd: preprocess
  insize=13931 outsize=1886 ok=1
Cmd: preprocess
  insize=1128 outsize=410 ok=1
Cmd: preprocess
  insize=6392 outsize=677 ok=1
Cmd: preprocess
  insize=3061 outsize=706 ok=1
Cmd: preprocess
  insize=11548 outsize=2549 ok=1
Cmd: preprocess
  insize=776 outsize=668 ok=1
Cmd: preprocess
  insize=1067 outsize=490 ok=1
Cmd: preprocess
  insize=1231 outsize=1009 ok=1
Cmd: preprocess
  insize=13945 outsize=2325 ok=1
Cmd: preprocess
  insize=2043 outsize=509 ok=1
Cmd: preprocess
  insize=1782 outsize=354 ok=1
Cmd: preprocess
  insize=681 outsize=573 ok=1
Cmd: preprocess
  insize=27440 outsize=4043 ok=1
Cmd: preprocess
  insize=4201 outsize=540 ok=1
Cmd: preprocess
  insize=2364 outsize=1244 ok=1
Cmd: preprocess
  insize=962 outsize=767 ok=1
Cmd: preprocess
  insize=1827 outsize=349 ok=1
Cmd: preprocess
  insize=1116 outsize=403 ok=1
Cmd: preprocess
  insize=1217 outsize=477 ok=1
Cmd: preprocess
  insize=742 outsize=231 ok=1
Cmd: preprocess
  insize=5945 outsize=797 ok=1
Cmd: preprocess
  insize=5742 outsize=683 ok=1
Cmd: preprocess
  insize=590 outsize=328 ok=1
Cmd: preprocess
  insize=7371 outsize=782 ok=1
Cmd: preprocess
  insize=788 outsize=680 ok=1
Cmd: preprocess
  insize=32732 outsize=325 ok=1
Cmd: preprocess
  insize=5382 outsize=1793 ok=1
Cmd: preprocess
  insize=6887 outsize=307 ok=1
Cmd: preprocess
  insize=4622 outsize=574 ok=1
Cmd: preprocess
  insize=4950 outsize=940 ok=1
Cmd: preprocess
  insize=5850 outsize=1226 ok=1
Cmd: preprocess
  insize=868 outsize=356 ok=1
Cmd: preprocess
  insize=725 outsize=285 ok=1
Cmd: preprocess
  insize=4021 outsize=606 ok=1
Cmd: preprocess
  insize=963 outsize=353 ok=1
Cmd: preprocess
  insize=1429 outsize=349 ok=1
Cmd: preprocess
  insize=2239 outsize=1001 ok=1
Cmd: preprocess
  insize=5410 outsize=762 ok=1
Cmd: compileSnippet
  error: 2 plat 4 at (165): syntax error: unexpected token ')'\nCompiling Vertex program
Platform defines: UNITY_ENABLE_REFLECTION_BUFFERS UNITY_USE_DITHER_MASK_FOR_ALPHABLENDED_SHADOWS UNITY_PBS_USE_BRDF1 UNITY_SPECCUBE_BOX_PROJECTION UNITY_SPECCUBE_BLENDING UNITY_ENABLE_DETAIL_NORMALMAP SHADER_API_DESKTOP UNITY_LIGHT_PROBE_PROXY_VOLUME
  api=4 type=0 insize=4787 outsize=0 kw= pd=UNITY_ENABLE_REFLECTION_BUFFERS UNITY_USE_DITHER_MASK_FOR_ALPHABLENDED_SHADOWS UNITY_PBS_USE_BRDF1 UNITY_SPECCUBE_BOX_PROJECTION UNITY_SPECCUBE_BLENDING UNITY_ENABLE_DETAIL_NORMALMAP SHADER_API_DESKTOP UNITY_LIGHT_PROBE_PROXY_VOLUME ok=0
Cmd: preprocess
  insize=1170 outsize=541 ok=1
Cmd: preprocess
  insize=1303 outsize=441 ok=1
Cmd: preprocess
  insize=664 outsize=311 ok=1
Cmd: preprocess
  insize=814 outsize=367 ok=1
Cmd: preprocess
  insize=5372 outsize=811 ok=1
Cmd: preprocess
  insize=1817 outsize=735 ok=1
Cmd: preprocess
  insize=1211 outsize=989 ok=1
